(---------------------------------------------------------------------)
(                                                                     )
(    DBDOCTOR                                                         )
(                                                                     )
(    Drawing          : 2025.pad                                      )
(    Software Version : 17.4S012                                      )
(    Date/Time        : Tue Sep 14 21:55:43 2021                      )
(                                                                     )
(---------------------------------------------------------------------)



0 warnings, 0 errors detected, 0 errors  fixed.
(---------------------------------------------------------------------)
(                                                                     )
(    DBDOCTOR                                                         )
(                                                                     )
(    Drawing          : 36x36.pad                                     )
(    Software Version : 17.4S012                                      )
(    Date/Time        : Tue Sep 14 21:55:44 2021                      )
(                                                                     )
(---------------------------------------------------------------------)



0 warnings, 0 errors detected, 0 errors  fixed.
(---------------------------------------------------------------------)
(                                                                     )
(    DBDOCTOR                                                         )
(                                                                     )
(    Drawing          : 50x70.pad                                     )
(    Software Version : 17.4S012                                      )
(    Date/Time        : Tue Sep 14 21:55:45 2021                      )
(                                                                     )
(---------------------------------------------------------------------)



0 warnings, 0 errors detected, 0 errors  fixed.
(---------------------------------------------------------------------)
(                                                                     )
(    DBDOCTOR                                                         )
(                                                                     )
(    Drawing          : 60x125.pad                                    )
(    Software Version : 17.4S012                                      )
(    Date/Time        : Tue Sep 14 21:55:46 2021                      )
(                                                                     )
(---------------------------------------------------------------------)



0 warnings, 0 errors detected, 0 errors  fixed.
(---------------------------------------------------------------------)
(                                                                     )
(    DBDOCTOR                                                         )
(                                                                     )
(    Drawing          : 60x50.pad                                     )
(    Software Version : 17.4S012                                      )
(    Date/Time        : Tue Sep 14 21:55:47 2021                      )
(                                                                     )
(---------------------------------------------------------------------)



0 warnings, 0 errors detected, 0 errors  fixed.
(---------------------------------------------------------------------)
(                                                                     )
(    DBDOCTOR                                                         )
(                                                                     )
(    Drawing          : hole100obl20p.pad                             )
(    Software Version : 17.4S012                                      )
(    Date/Time        : Tue Sep 14 21:55:48 2021                      )
(                                                                     )
(---------------------------------------------------------------------)



0 warnings, 0 errors detected, 0 errors  fixed.
(---------------------------------------------------------------------)
(                                                                     )
(    DBDOCTOR                                                         )
(                                                                     )
(    Drawing          : hole100ov20p.dra                              )
(    Software Version : 17.4S012                                      )
(    Date/Time        : Tue Sep 14 21:55:49 2021                      )
(                                                                     )
(---------------------------------------------------------------------)



WARNING:   WARNING(SPMHDB-42): Run batch DRC to regenerate DRC errs.

1 warnings, 0 errors detected, 0 errors  fixed.
(---------------------------------------------------------------------)
(                                                                     )
(    DBDOCTOR                                                         )
(                                                                     )
(    Drawing          : hole100ov20p.ssm                              )
(    Software Version : 17.4S012                                      )
(    Date/Time        : Tue Sep 14 21:55:50 2021                      )
(                                                                     )
(---------------------------------------------------------------------)



0 warnings, 0 errors detected, 0 errors  fixed.
(---------------------------------------------------------------------)
(                                                                     )
(    DBDOCTOR                                                         )
(                                                                     )
(    Drawing          : hole1100u.pad                                 )
(    Software Version : 17.4S012                                      )
(    Date/Time        : Tue Sep 14 21:55:50 2021                      )
(                                                                     )
(---------------------------------------------------------------------)



0 warnings, 0 errors detected, 0 errors  fixed.
(---------------------------------------------------------------------)
(                                                                     )
(    DBDOCTOR                                                         )
(                                                                     )
(    Drawing          : hole1400rec220u.pad                           )
(    Software Version : 17.4S012                                      )
(    Date/Time        : Tue Sep 14 21:55:51 2021                      )
(                                                                     )
(---------------------------------------------------------------------)



0 warnings, 0 errors detected, 0 errors  fixed.
(---------------------------------------------------------------------)
(                                                                     )
(    DBDOCTOR                                                         )
(                                                                     )
(    Drawing          : hole220u.pad                                  )
(    Software Version : 17.4S012                                      )
(    Date/Time        : Tue Sep 14 21:55:52 2021                      )
(                                                                     )
(---------------------------------------------------------------------)



0 warnings, 0 errors detected, 0 errors  fixed.
(---------------------------------------------------------------------)
(                                                                     )
(    DBDOCTOR                                                         )
(                                                                     )
(    Drawing          : hole250p.pad                                  )
(    Software Version : 17.4S012                                      )
(    Date/Time        : Tue Sep 14 21:55:53 2021                      )
(                                                                     )
(---------------------------------------------------------------------)



0 warnings, 0 errors detected, 0 errors  fixed.
(---------------------------------------------------------------------)
(                                                                     )
(    DBDOCTOR                                                         )
(                                                                     )
(    Drawing          : hole250u.pad                                  )
(    Software Version : 17.4S012                                      )
(    Date/Time        : Tue Sep 14 21:55:54 2021                      )
(                                                                     )
(---------------------------------------------------------------------)



0 warnings, 0 errors detected, 0 errors  fixed.
(---------------------------------------------------------------------)
(                                                                     )
(    DBDOCTOR                                                         )
(                                                                     )
(    Drawing          : hole300p.pad                                  )
(    Software Version : 17.4S012                                      )
(    Date/Time        : Tue Sep 14 21:55:55 2021                      )
(                                                                     )
(---------------------------------------------------------------------)



0 warnings, 0 errors detected, 0 errors  fixed.
(---------------------------------------------------------------------)
(                                                                     )
(    DBDOCTOR                                                         )
(                                                                     )
(    Drawing          : hole320p.pad                                  )
(    Software Version : 17.4S012                                      )
(    Date/Time        : Tue Sep 14 21:55:56 2021                      )
(                                                                     )
(---------------------------------------------------------------------)



0 warnings, 0 errors detected, 0 errors  fixed.
(---------------------------------------------------------------------)
(                                                                     )
(    DBDOCTOR                                                         )
(                                                                     )
(    Drawing          : hole55.pad                                    )
(    Software Version : 17.4S012                                      )
(    Date/Time        : Tue Sep 14 21:55:56 2021                      )
(                                                                     )
(---------------------------------------------------------------------)



0 warnings, 0 errors detected, 0 errors  fixed.
(---------------------------------------------------------------------)
(                                                                     )
(    DBDOCTOR                                                         )
(                                                                     )
(    Drawing          : hole55u.pad                                   )
(    Software Version : 17.4S012                                      )
(    Date/Time        : Tue Sep 14 21:55:57 2021                      )
(                                                                     )
(---------------------------------------------------------------------)



0 warnings, 0 errors detected, 0 errors  fixed.
(---------------------------------------------------------------------)
(                                                                     )
(    DBDOCTOR                                                         )
(                                                                     )
(    Drawing          : pad100cir50p.pad                              )
(    Software Version : 17.4S012                                      )
(    Date/Time        : Tue Sep 14 21:55:58 2021                      )
(                                                                     )
(---------------------------------------------------------------------)



0 warnings, 0 errors detected, 0 errors  fixed.
(---------------------------------------------------------------------)
(                                                                     )
(    DBDOCTOR                                                         )
(                                                                     )
(    Drawing          : pad100squ50p.pad                              )
(    Software Version : 17.4S012                                      )
(    Date/Time        : Tue Sep 14 21:55:59 2021                      )
(                                                                     )
(---------------------------------------------------------------------)



0 warnings, 0 errors detected, 0 errors  fixed.
(---------------------------------------------------------------------)
(                                                                     )
(    DBDOCTOR                                                         )
(                                                                     )
(    Drawing          : pad140cir70p.pad                              )
(    Software Version : 17.4S012                                      )
(    Date/Time        : Tue Sep 14 21:56:00 2021                      )
(                                                                     )
(---------------------------------------------------------------------)



0 warnings, 0 errors detected, 0 errors  fixed.
(---------------------------------------------------------------------)
(                                                                     )
(    DBDOCTOR                                                         )
(                                                                     )
(    Drawing          : pad140cir80p.pad                              )
(    Software Version : 17.4S012                                      )
(    Date/Time        : Tue Sep 14 21:56:01 2021                      )
(                                                                     )
(---------------------------------------------------------------------)



0 warnings, 0 errors detected, 0 errors  fixed.
(---------------------------------------------------------------------)
(                                                                     )
(    DBDOCTOR                                                         )
(                                                                     )
(    Drawing          : pad140cir86p.pad                              )
(    Software Version : 17.4S012                                      )
(    Date/Time        : Tue Sep 14 21:56:02 2021                      )
(                                                                     )
(---------------------------------------------------------------------)



0 warnings, 0 errors detected, 0 errors  fixed.
(---------------------------------------------------------------------)
(                                                                     )
(    DBDOCTOR                                                         )
(                                                                     )
(    Drawing          : pad140cir90p.pad                              )
(    Software Version : 17.4S012                                      )
(    Date/Time        : Tue Sep 14 21:56:02 2021                      )
(                                                                     )
(---------------------------------------------------------------------)



0 warnings, 0 errors detected, 0 errors  fixed.
(---------------------------------------------------------------------)
(                                                                     )
(    DBDOCTOR                                                         )
(                                                                     )
(    Drawing          : pad140squ70p.pad                              )
(    Software Version : 17.4S012                                      )
(    Date/Time        : Tue Sep 14 21:56:03 2021                      )
(                                                                     )
(---------------------------------------------------------------------)



0 warnings, 0 errors detected, 0 errors  fixed.
(---------------------------------------------------------------------)
(                                                                     )
(    DBDOCTOR                                                         )
(                                                                     )
(    Drawing          : pad140squ90p.pad                              )
(    Software Version : 17.4S012                                      )
(    Date/Time        : Tue Sep 14 21:56:04 2021                      )
(                                                                     )
(---------------------------------------------------------------------)



0 warnings, 0 errors detected, 0 errors  fixed.
(---------------------------------------------------------------------)
(                                                                     )
(    DBDOCTOR                                                         )
(                                                                     )
(    Drawing          : pad150cir70p.pad                              )
(    Software Version : 17.4S012                                      )
(    Date/Time        : Tue Sep 14 21:56:05 2021                      )
(                                                                     )
(---------------------------------------------------------------------)



0 warnings, 0 errors detected, 0 errors  fixed.
(---------------------------------------------------------------------)
(                                                                     )
(    DBDOCTOR                                                         )
(                                                                     )
(    Drawing          : pad150cir80p.pad                              )
(    Software Version : 17.4S012                                      )
(    Date/Time        : Tue Sep 14 21:56:06 2021                      )
(                                                                     )
(---------------------------------------------------------------------)



0 warnings, 0 errors detected, 0 errors  fixed.
(---------------------------------------------------------------------)
(                                                                     )
(    DBDOCTOR                                                         )
(                                                                     )
(    Drawing          : pad150squ70p.pad                              )
(    Software Version : 17.4S012                                      )
(    Date/Time        : Tue Sep 14 21:56:06 2021                      )
(                                                                     )
(---------------------------------------------------------------------)



0 warnings, 0 errors detected, 0 errors  fixed.
(---------------------------------------------------------------------)
(                                                                     )
(    DBDOCTOR                                                         )
(                                                                     )
(    Drawing          : pad150squ80p.pad                              )
(    Software Version : 17.4S012                                      )
(    Date/Time        : Tue Sep 14 21:56:07 2021                      )
(                                                                     )
(---------------------------------------------------------------------)



0 warnings, 0 errors detected, 0 errors  fixed.
(---------------------------------------------------------------------)
(                                                                     )
(    DBDOCTOR                                                         )
(                                                                     )
(    Drawing          : pad160cir70p.pad                              )
(    Software Version : 17.4S012                                      )
(    Date/Time        : Tue Sep 14 21:56:08 2021                      )
(                                                                     )
(---------------------------------------------------------------------)



0 warnings, 0 errors detected, 0 errors  fixed.
(---------------------------------------------------------------------)
(                                                                     )
(    DBDOCTOR                                                         )
(                                                                     )
(    Drawing          : pad160cir80p.pad                              )
(    Software Version : 17.4S012                                      )
(    Date/Time        : Tue Sep 14 21:56:09 2021                      )
(                                                                     )
(---------------------------------------------------------------------)



0 warnings, 0 errors detected, 0 errors  fixed.
(---------------------------------------------------------------------)
(                                                                     )
(    DBDOCTOR                                                         )
(                                                                     )
(    Drawing          : pad160squ70p.pad                              )
(    Software Version : 17.4S012                                      )
(    Date/Time        : Tue Sep 14 21:56:10 2021                      )
(                                                                     )
(---------------------------------------------------------------------)



0 warnings, 0 errors detected, 0 errors  fixed.
(---------------------------------------------------------------------)
(                                                                     )
(    DBDOCTOR                                                         )
(                                                                     )
(    Drawing          : pad160squ80p.pad                              )
(    Software Version : 17.4S012                                      )
(    Date/Time        : Tue Sep 14 21:56:11 2021                      )
(                                                                     )
(---------------------------------------------------------------------)



0 warnings, 0 errors detected, 0 errors  fixed.
(---------------------------------------------------------------------)
(                                                                     )
(    DBDOCTOR                                                         )
(                                                                     )
(    Drawing          : pad170cir130p.pad                             )
(    Software Version : 17.4S012                                      )
(    Date/Time        : Tue Sep 14 21:56:11 2021                      )
(                                                                     )
(---------------------------------------------------------------------)



0 warnings, 0 errors detected, 0 errors  fixed.
(---------------------------------------------------------------------)
(                                                                     )
(    DBDOCTOR                                                         )
(                                                                     )
(    Drawing          : pad180cir120p.pad                             )
(    Software Version : 17.4S012                                      )
(    Date/Time        : Tue Sep 14 21:56:12 2021                      )
(                                                                     )
(---------------------------------------------------------------------)



0 warnings, 0 errors detected, 0 errors  fixed.
(---------------------------------------------------------------------)
(                                                                     )
(    DBDOCTOR                                                         )
(                                                                     )
(    Drawing          : pad180cir140p.pad                             )
(    Software Version : 17.4S012                                      )
(    Date/Time        : Tue Sep 14 21:56:13 2021                      )
(                                                                     )
(---------------------------------------------------------------------)



0 warnings, 0 errors detected, 0 errors  fixed.
(---------------------------------------------------------------------)
(                                                                     )
(    DBDOCTOR                                                         )
(                                                                     )
(    Drawing          : pad240cir140p.pad                             )
(    Software Version : 17.4S012                                      )
(    Date/Time        : Tue Sep 14 21:56:14 2021                      )
(                                                                     )
(---------------------------------------------------------------------)



0 warnings, 0 errors detected, 0 errors  fixed.
(---------------------------------------------------------------------)
(                                                                     )
(    DBDOCTOR                                                         )
(                                                                     )
(    Drawing          : pad280cir240p.pad                             )
(    Software Version : 17.4S012                                      )
(    Date/Time        : Tue Sep 14 21:56:15 2021                      )
(                                                                     )
(---------------------------------------------------------------------)



0 warnings, 0 errors detected, 0 errors  fixed.
(---------------------------------------------------------------------)
(                                                                     )
(    DBDOCTOR                                                         )
(                                                                     )
(    Drawing          : pad300cir240p.pad                             )
(    Software Version : 17.4S012                                      )
(    Date/Time        : Tue Sep 14 21:56:15 2021                      )
(                                                                     )
(---------------------------------------------------------------------)



0 warnings, 0 errors detected, 0 errors  fixed.
(---------------------------------------------------------------------)
(                                                                     )
(    DBDOCTOR                                                         )
(                                                                     )
(    Drawing          : pad300cir300u.pad                             )
(    Software Version : 17.4S012                                      )
(    Date/Time        : Tue Sep 14 21:56:16 2021                      )
(                                                                     )
(---------------------------------------------------------------------)



0 warnings, 0 errors detected, 0 errors  fixed.
(---------------------------------------------------------------------)
(                                                                     )
(    DBDOCTOR                                                         )
(                                                                     )
(    Drawing          : pad310squ180p.pad                             )
(    Software Version : 17.4S012                                      )
(    Date/Time        : Tue Sep 14 21:56:17 2021                      )
(                                                                     )
(---------------------------------------------------------------------)



0 warnings, 0 errors detected, 0 errors  fixed.
(---------------------------------------------------------------------)
(                                                                     )
(    DBDOCTOR                                                         )
(                                                                     )
(    Drawing          : pad380cir300p.pad                             )
(    Software Version : 17.4S012                                      )
(    Date/Time        : Tue Sep 14 21:56:18 2021                      )
(                                                                     )
(---------------------------------------------------------------------)



0 warnings, 0 errors detected, 0 errors  fixed.
(---------------------------------------------------------------------)
(                                                                     )
(    DBDOCTOR                                                         )
(                                                                     )
(    Drawing          : pad380obl60.pad                               )
(    Software Version : 17.4S012                                      )
(    Date/Time        : Tue Sep 14 21:56:19 2021                      )
(                                                                     )
(---------------------------------------------------------------------)



0 warnings, 0 errors detected, 0 errors  fixed.
(---------------------------------------------------------------------)
(                                                                     )
(    DBDOCTOR                                                         )
(                                                                     )
(    Drawing          : pad55cir55u.pad                               )
(    Software Version : 17.4S012                                      )
(    Date/Time        : Tue Sep 14 21:56:19 2021                      )
(                                                                     )
(---------------------------------------------------------------------)



0 warnings, 0 errors detected, 0 errors  fixed.
(---------------------------------------------------------------------)
(                                                                     )
(    DBDOCTOR                                                         )
(                                                                     )
(    Drawing          : pad80cir40p.pad                               )
(    Software Version : 17.4S012                                      )
(    Date/Time        : Tue Sep 14 21:56:20 2021                      )
(                                                                     )
(---------------------------------------------------------------------)



0 warnings, 0 errors detected, 0 errors  fixed.
(---------------------------------------------------------------------)
(                                                                     )
(    DBDOCTOR                                                         )
(                                                                     )
(    Drawing          : pad80cir50p.pad                               )
(    Software Version : 17.4S012                                      )
(    Date/Time        : Tue Sep 14 21:56:21 2021                      )
(                                                                     )
(---------------------------------------------------------------------)



0 warnings, 0 errors detected, 0 errors  fixed.
(---------------------------------------------------------------------)
(                                                                     )
(    DBDOCTOR                                                         )
(                                                                     )
(    Drawing          : pad80rec50p.pad                               )
(    Software Version : 17.4S012                                      )
(    Date/Time        : Tue Sep 14 21:56:22 2021                      )
(                                                                     )
(---------------------------------------------------------------------)



0 warnings, 0 errors detected, 0 errors  fixed.
(---------------------------------------------------------------------)
(                                                                     )
(    DBDOCTOR                                                         )
(                                                                     )
(    Drawing          : pad80squ40p.pad                               )
(    Software Version : 17.4S012                                      )
(    Date/Time        : Tue Sep 14 21:56:23 2021                      )
(                                                                     )
(---------------------------------------------------------------------)



0 warnings, 0 errors detected, 0 errors  fixed.
(---------------------------------------------------------------------)
(                                                                     )
(    DBDOCTOR                                                         )
(                                                                     )
(    Drawing          : smd100rec30.pad                               )
(    Software Version : 17.4S012                                      )
(    Date/Time        : Tue Sep 14 21:56:24 2021                      )
(                                                                     )
(---------------------------------------------------------------------)



0 warnings, 0 errors detected, 0 errors  fixed.
(---------------------------------------------------------------------)
(                                                                     )
(    DBDOCTOR                                                         )
(                                                                     )
(    Drawing          : smd100rec50.pad                               )
(    Software Version : 17.4S012                                      )
(    Date/Time        : Tue Sep 14 21:56:25 2021                      )
(                                                                     )
(---------------------------------------------------------------------)



0 warnings, 0 errors detected, 0 errors  fixed.
(---------------------------------------------------------------------)
(                                                                     )
(    DBDOCTOR                                                         )
(                                                                     )
(    Drawing          : smd10_120.pad                                 )
(    Software Version : 17.4S012                                      )
(    Date/Time        : Tue Sep 14 21:56:25 2021                      )
(                                                                     )
(---------------------------------------------------------------------)



0 warnings, 0 errors detected, 0 errors  fixed.
(---------------------------------------------------------------------)
(                                                                     )
(    DBDOCTOR                                                         )
(                                                                     )
(    Drawing          : smd120cir120.pad                              )
(    Software Version : 17.4S012                                      )
(    Date/Time        : Tue Sep 14 21:56:26 2021                      )
(                                                                     )
(---------------------------------------------------------------------)



0 warnings, 0 errors detected, 0 errors  fixed.
(---------------------------------------------------------------------)
(                                                                     )
(    DBDOCTOR                                                         )
(                                                                     )
(    Drawing          : smd120rec24.pad                               )
(    Software Version : 17.4S012                                      )
(    Date/Time        : Tue Sep 14 21:56:27 2021                      )
(                                                                     )
(---------------------------------------------------------------------)



0 warnings, 0 errors detected, 0 errors  fixed.
(---------------------------------------------------------------------)
(                                                                     )
(    DBDOCTOR                                                         )
(                                                                     )
(    Drawing          : smd120rec45.pad                               )
(    Software Version : 17.4S012                                      )
(    Date/Time        : Tue Sep 14 21:56:28 2021                      )
(                                                                     )
(---------------------------------------------------------------------)



0 warnings, 0 errors detected, 0 errors  fixed.
(---------------------------------------------------------------------)
(                                                                     )
(    DBDOCTOR                                                         )
(                                                                     )
(    Drawing          : smd127rec60.pad                               )
(    Software Version : 17.4S012                                      )
(    Date/Time        : Tue Sep 14 21:56:29 2021                      )
(                                                                     )
(---------------------------------------------------------------------)



0 warnings, 0 errors detected, 0 errors  fixed.
(---------------------------------------------------------------------)
(                                                                     )
(    DBDOCTOR                                                         )
(                                                                     )
(    Drawing          : smd140rec160.pad                              )
(    Software Version : 17.4S012                                      )
(    Date/Time        : Tue Sep 14 21:56:30 2021                      )
(                                                                     )
(---------------------------------------------------------------------)



0 warnings, 0 errors detected, 0 errors  fixed.
(---------------------------------------------------------------------)
(                                                                     )
(    DBDOCTOR                                                         )
(                                                                     )
(    Drawing          : smd140rec180.pad                              )
(    Software Version : 17.4S012                                      )
(    Date/Time        : Tue Sep 14 21:56:31 2021                      )
(                                                                     )
(---------------------------------------------------------------------)



0 warnings, 0 errors detected, 0 errors  fixed.
(---------------------------------------------------------------------)
(                                                                     )
(    DBDOCTOR                                                         )
(                                                                     )
(    Drawing          : smd140rec50.pad                               )
(    Software Version : 17.4S012                                      )
(    Date/Time        : Tue Sep 14 21:56:31 2021                      )
(                                                                     )
(---------------------------------------------------------------------)



0 warnings, 0 errors detected, 0 errors  fixed.
(---------------------------------------------------------------------)
(                                                                     )
(    DBDOCTOR                                                         )
(                                                                     )
(    Drawing          : smd140rec60.pad                               )
(    Software Version : 17.4S012                                      )
(    Date/Time        : Tue Sep 14 21:56:32 2021                      )
(                                                                     )
(---------------------------------------------------------------------)



0 warnings, 0 errors detected, 0 errors  fixed.
(---------------------------------------------------------------------)
(                                                                     )
(    DBDOCTOR                                                         )
(                                                                     )
(    Drawing          : smd150rec20.pad                               )
(    Software Version : 17.4S012                                      )
(    Date/Time        : Tue Sep 14 21:56:33 2021                      )
(                                                                     )
(---------------------------------------------------------------------)



0 warnings, 0 errors detected, 0 errors  fixed.
(---------------------------------------------------------------------)
(                                                                     )
(    DBDOCTOR                                                         )
(                                                                     )
(    Drawing          : smd150rec27.pad                               )
(    Software Version : 17.4S012                                      )
(    Date/Time        : Tue Sep 14 21:56:34 2021                      )
(                                                                     )
(---------------------------------------------------------------------)



0 warnings, 0 errors detected, 0 errors  fixed.
(---------------------------------------------------------------------)
(                                                                     )
(    DBDOCTOR                                                         )
(                                                                     )
(    Drawing          : smd150rec40.pad                               )
(    Software Version : 17.4S012                                      )
(    Date/Time        : Tue Sep 14 21:56:35 2021                      )
(                                                                     )
(---------------------------------------------------------------------)



0 warnings, 0 errors detected, 0 errors  fixed.
(---------------------------------------------------------------------)
(                                                                     )
(    DBDOCTOR                                                         )
(                                                                     )
(    Drawing          : smd150rec45.pad                               )
(    Software Version : 17.4S012                                      )
(    Date/Time        : Tue Sep 14 21:56:36 2021                      )
(                                                                     )
(---------------------------------------------------------------------)



0 warnings, 0 errors detected, 0 errors  fixed.
(---------------------------------------------------------------------)
(                                                                     )
(    DBDOCTOR                                                         )
(                                                                     )
(    Drawing          : smd150rec60.pad                               )
(    Software Version : 17.4S012                                      )
(    Date/Time        : Tue Sep 14 21:56:36 2021                      )
(                                                                     )
(---------------------------------------------------------------------)



0 warnings, 0 errors detected, 0 errors  fixed.
(---------------------------------------------------------------------)
(                                                                     )
(    DBDOCTOR                                                         )
(                                                                     )
(    Drawing          : smd160rec120.pad                              )
(    Software Version : 17.4S012                                      )
(    Date/Time        : Tue Sep 14 21:56:37 2021                      )
(                                                                     )
(---------------------------------------------------------------------)



0 warnings, 0 errors detected, 0 errors  fixed.
(---------------------------------------------------------------------)
(                                                                     )
(    DBDOCTOR                                                         )
(                                                                     )
(    Drawing          : smd160rec140.pad                              )
(    Software Version : 17.4S012                                      )
(    Date/Time        : Tue Sep 14 21:56:38 2021                      )
(                                                                     )
(---------------------------------------------------------------------)



0 warnings, 0 errors detected, 0 errors  fixed.
(---------------------------------------------------------------------)
(                                                                     )
(    DBDOCTOR                                                         )
(                                                                     )
(    Drawing          : smd162by68.pad                                )
(    Software Version : 17.4S012                                      )
(    Date/Time        : Tue Sep 14 21:56:39 2021                      )
(                                                                     )
(---------------------------------------------------------------------)



0 warnings, 0 errors detected, 0 errors  fixed.
(---------------------------------------------------------------------)
(                                                                     )
(    DBDOCTOR                                                         )
(                                                                     )
(    Drawing          : smd165rec33.pad                               )
(    Software Version : 17.4S012                                      )
(    Date/Time        : Tue Sep 14 21:56:40 2021                      )
(                                                                     )
(---------------------------------------------------------------------)



0 warnings, 0 errors detected, 0 errors  fixed.
(---------------------------------------------------------------------)
(                                                                     )
(    DBDOCTOR                                                         )
(                                                                     )
(    Drawing          : smd165rec76.pad                               )
(    Software Version : 17.4S012                                      )
(    Date/Time        : Tue Sep 14 21:56:40 2021                      )
(                                                                     )
(---------------------------------------------------------------------)



0 warnings, 0 errors detected, 0 errors  fixed.
(---------------------------------------------------------------------)
(                                                                     )
(    DBDOCTOR                                                         )
(                                                                     )
(    Drawing          : smd180rec20.pad                               )
(    Software Version : 17.4S012                                      )
(    Date/Time        : Tue Sep 14 21:56:41 2021                      )
(                                                                     )
(---------------------------------------------------------------------)



0 warnings, 0 errors detected, 0 errors  fixed.
(---------------------------------------------------------------------)
(                                                                     )
(    DBDOCTOR                                                         )
(                                                                     )
(    Drawing          : smd180rec200.pad                              )
(    Software Version : 17.4S012                                      )
(    Date/Time        : Tue Sep 14 21:56:42 2021                      )
(                                                                     )
(---------------------------------------------------------------------)



0 warnings, 0 errors detected, 0 errors  fixed.
(---------------------------------------------------------------------)
(                                                                     )
(    DBDOCTOR                                                         )
(                                                                     )
(    Drawing          : smd200cir.pad                                 )
(    Software Version : 17.4S012                                      )
(    Date/Time        : Tue Sep 14 21:56:43 2021                      )
(                                                                     )
(---------------------------------------------------------------------)



0 warnings, 0 errors detected, 0 errors  fixed.
(---------------------------------------------------------------------)
(                                                                     )
(    DBDOCTOR                                                         )
(                                                                     )
(    Drawing          : smd200rec100.pad                              )
(    Software Version : 17.4S012                                      )
(    Date/Time        : Tue Sep 14 21:56:44 2021                      )
(                                                                     )
(---------------------------------------------------------------------)



0 warnings, 0 errors detected, 0 errors  fixed.
(---------------------------------------------------------------------)
(                                                                     )
(    DBDOCTOR                                                         )
(                                                                     )
(    Drawing          : smd200rec150.pad                              )
(    Software Version : 17.4S012                                      )
(    Date/Time        : Tue Sep 14 21:56:45 2021                      )
(                                                                     )
(---------------------------------------------------------------------)



0 warnings, 0 errors detected, 0 errors  fixed.
(---------------------------------------------------------------------)
(                                                                     )
(    DBDOCTOR                                                         )
(                                                                     )
(    Drawing          : smd200rec22.pad                               )
(    Software Version : 17.4S012                                      )
(    Date/Time        : Tue Sep 14 21:56:46 2021                      )
(                                                                     )
(---------------------------------------------------------------------)



0 warnings, 0 errors detected, 0 errors  fixed.
(---------------------------------------------------------------------)
(                                                                     )
(    DBDOCTOR                                                         )
(                                                                     )
(    Drawing          : smd200rec230.pad                              )
(    Software Version : 17.4S012                                      )
(    Date/Time        : Tue Sep 14 21:56:47 2021                      )
(                                                                     )
(---------------------------------------------------------------------)



0 warnings, 0 errors detected, 0 errors  fixed.
(---------------------------------------------------------------------)
(                                                                     )
(    DBDOCTOR                                                         )
(                                                                     )
(    Drawing          : smd200rec25.pad                               )
(    Software Version : 17.4S012                                      )
(    Date/Time        : Tue Sep 14 21:56:47 2021                      )
(                                                                     )
(---------------------------------------------------------------------)



0 warnings, 0 errors detected, 0 errors  fixed.
(---------------------------------------------------------------------)
(                                                                     )
(    DBDOCTOR                                                         )
(                                                                     )
(    Drawing          : smd200rec50.pad                               )
(    Software Version : 17.4S012                                      )
(    Date/Time        : Tue Sep 14 21:56:48 2021                      )
(                                                                     )
(---------------------------------------------------------------------)



0 warnings, 0 errors detected, 0 errors  fixed.
(---------------------------------------------------------------------)
(                                                                     )
(    DBDOCTOR                                                         )
(                                                                     )
(    Drawing          : smd200rec60.pad                               )
(    Software Version : 17.4S012                                      )
(    Date/Time        : Tue Sep 14 21:56:49 2021                      )
(                                                                     )
(---------------------------------------------------------------------)



0 warnings, 0 errors detected, 0 errors  fixed.
(---------------------------------------------------------------------)
(                                                                     )
(    DBDOCTOR                                                         )
(                                                                     )
(    Drawing          : smd20rec60.pad                                )
(    Software Version : 17.4S012                                      )
(    Date/Time        : Tue Sep 14 21:56:50 2021                      )
(                                                                     )
(---------------------------------------------------------------------)



0 warnings, 0 errors detected, 0 errors  fixed.
(---------------------------------------------------------------------)
(                                                                     )
(    DBDOCTOR                                                         )
(                                                                     )
(    Drawing          : smd215_255.pad                                )
(    Software Version : 17.4S012                                      )
(    Date/Time        : Tue Sep 14 21:56:51 2021                      )
(                                                                     )
(---------------------------------------------------------------------)



0 warnings, 0 errors detected, 0 errors  fixed.
(---------------------------------------------------------------------)
(                                                                     )
(    DBDOCTOR                                                         )
(                                                                     )
(    Drawing          : smd220squ220_1p.pad                           )
(    Software Version : 17.4S012                                      )
(    Date/Time        : Tue Sep 14 21:56:51 2021                      )
(                                                                     )
(---------------------------------------------------------------------)



0 warnings, 0 errors detected, 0 errors  fixed.
(---------------------------------------------------------------------)
(                                                                     )
(    DBDOCTOR                                                         )
(                                                                     )
(    Drawing          : smd220squ220_4p.pad                           )
(    Software Version : 17.4S012                                      )
(    Date/Time        : Tue Sep 14 21:56:52 2021                      )
(                                                                     )
(---------------------------------------------------------------------)



0 warnings, 0 errors detected, 0 errors  fixed.
(---------------------------------------------------------------------)
(                                                                     )
(    DBDOCTOR                                                         )
(                                                                     )
(    Drawing          : smd220squ220_9p.pad                           )
(    Software Version : 17.4S012                                      )
(    Date/Time        : Tue Sep 14 21:56:53 2021                      )
(                                                                     )
(---------------------------------------------------------------------)



0 warnings, 0 errors detected, 0 errors  fixed.
(---------------------------------------------------------------------)
(                                                                     )
(    DBDOCTOR                                                         )
(                                                                     )
(    Drawing          : smd25rec200.pad                               )
(    Software Version : 17.4S012                                      )
(    Date/Time        : Tue Sep 14 21:56:54 2021                      )
(                                                                     )
(---------------------------------------------------------------------)



0 warnings, 0 errors detected, 0 errors  fixed.
(---------------------------------------------------------------------)
(                                                                     )
(    DBDOCTOR                                                         )
(                                                                     )
(    Drawing          : smd280rec200.pad                              )
(    Software Version : 17.4S012                                      )
(    Date/Time        : Tue Sep 14 21:56:55 2021                      )
(                                                                     )
(---------------------------------------------------------------------)



0 warnings, 0 errors detected, 0 errors  fixed.
(---------------------------------------------------------------------)
(                                                                     )
(    DBDOCTOR                                                         )
(                                                                     )
(    Drawing          : smd28rec76.pad                                )
(    Software Version : 17.4S012                                      )
(    Date/Time        : Tue Sep 14 21:56:56 2021                      )
(                                                                     )
(---------------------------------------------------------------------)



0 warnings, 0 errors detected, 0 errors  fixed.
(---------------------------------------------------------------------)
(                                                                     )
(    DBDOCTOR                                                         )
(                                                                     )
(    Drawing          : smd300rec50.pad                               )
(    Software Version : 17.4S012                                      )
(    Date/Time        : Tue Sep 14 21:56:56 2021                      )
(                                                                     )
(---------------------------------------------------------------------)



0 warnings, 0 errors detected, 0 errors  fixed.
(---------------------------------------------------------------------)
(                                                                     )
(    DBDOCTOR                                                         )
(                                                                     )
(    Drawing          : smd320rec800.pad                              )
(    Software Version : 17.4S012                                      )
(    Date/Time        : Tue Sep 14 21:56:57 2021                      )
(                                                                     )
(---------------------------------------------------------------------)



0 warnings, 0 errors detected, 0 errors  fixed.
(---------------------------------------------------------------------)
(                                                                     )
(    DBDOCTOR                                                         )
(                                                                     )
(    Drawing          : smd400_275.pad                                )
(    Software Version : 17.4S012                                      )
(    Date/Time        : Tue Sep 14 21:56:58 2021                      )
(                                                                     )
(---------------------------------------------------------------------)



0 warnings, 0 errors detected, 0 errors  fixed.
(---------------------------------------------------------------------)
(                                                                     )
(    DBDOCTOR                                                         )
(                                                                     )
(    Drawing          : smd40cir40.pad                                )
(    Software Version : 17.4S012                                      )
(    Date/Time        : Tue Sep 14 21:56:59 2021                      )
(                                                                     )
(---------------------------------------------------------------------)



0 warnings, 0 errors detected, 0 errors  fixed.
(---------------------------------------------------------------------)
(                                                                     )
(    DBDOCTOR                                                         )
(                                                                     )
(    Drawing          : smd40squ40.pad                                )
(    Software Version : 17.4S012                                      )
(    Date/Time        : Tue Sep 14 21:57:00 2021                      )
(                                                                     )
(---------------------------------------------------------------------)



0 warnings, 0 errors detected, 0 errors  fixed.
(---------------------------------------------------------------------)
(                                                                     )
(    DBDOCTOR                                                         )
(                                                                     )
(    Drawing          : smd420rec100.pad                              )
(    Software Version : 17.4S012                                      )
(    Date/Time        : Tue Sep 14 21:57:01 2021                      )
(                                                                     )
(---------------------------------------------------------------------)



0 warnings, 0 errors detected, 0 errors  fixed.
(---------------------------------------------------------------------)
(                                                                     )
(    DBDOCTOR                                                         )
(                                                                     )
(    Drawing          : smd420rec100_dl.pad                           )
(    Software Version : 17.4S012                                      )
(    Date/Time        : Tue Sep 14 21:57:01 2021                      )
(                                                                     )
(---------------------------------------------------------------------)



0 warnings, 0 errors detected, 0 errors  fixed.
(---------------------------------------------------------------------)
(                                                                     )
(    DBDOCTOR                                                         )
(                                                                     )
(    Drawing          : smd460rec540.pad                              )
(    Software Version : 17.4S012                                      )
(    Date/Time        : Tue Sep 14 21:57:02 2021                      )
(                                                                     )
(---------------------------------------------------------------------)



0 warnings, 0 errors detected, 0 errors  fixed.
(---------------------------------------------------------------------)
(                                                                     )
(    DBDOCTOR                                                         )
(                                                                     )
(    Drawing          : smd46_16.pad                                  )
(    Software Version : 17.4S012                                      )
(    Date/Time        : Tue Sep 14 21:57:03 2021                      )
(                                                                     )
(---------------------------------------------------------------------)



0 warnings, 0 errors detected, 0 errors  fixed.
(---------------------------------------------------------------------)
(                                                                     )
(    DBDOCTOR                                                         )
(                                                                     )
(    Drawing          : smd60cir60.pad                                )
(    Software Version : 17.4S012                                      )
(    Date/Time        : Tue Sep 14 21:57:04 2021                      )
(                                                                     )
(---------------------------------------------------------------------)



0 warnings, 0 errors detected, 0 errors  fixed.
(---------------------------------------------------------------------)
(                                                                     )
(    DBDOCTOR                                                         )
(                                                                     )
(    Drawing          : smd60rec30.pad                                )
(    Software Version : 17.4S012                                      )
(    Date/Time        : Tue Sep 14 21:57:05 2021                      )
(                                                                     )
(---------------------------------------------------------------------)



0 warnings, 0 errors detected, 0 errors  fixed.
(---------------------------------------------------------------------)
(                                                                     )
(    DBDOCTOR                                                         )
(                                                                     )
(    Drawing          : smd60rec33.pad                                )
(    Software Version : 17.4S012                                      )
(    Date/Time        : Tue Sep 14 21:57:06 2021                      )
(                                                                     )
(---------------------------------------------------------------------)



0 warnings, 0 errors detected, 0 errors  fixed.
(---------------------------------------------------------------------)
(                                                                     )
(    DBDOCTOR                                                         )
(                                                                     )
(    Drawing          : smd60rec50.pad                                )
(    Software Version : 17.4S012                                      )
(    Date/Time        : Tue Sep 14 21:57:07 2021                      )
(                                                                     )
(---------------------------------------------------------------------)



0 warnings, 0 errors detected, 0 errors  fixed.
(---------------------------------------------------------------------)
(                                                                     )
(    DBDOCTOR                                                         )
(                                                                     )
(    Drawing          : smd60rec66.pad                                )
(    Software Version : 17.4S012                                      )
(    Date/Time        : Tue Sep 14 21:57:07 2021                      )
(                                                                     )
(---------------------------------------------------------------------)



0 warnings, 0 errors detected, 0 errors  fixed.
(---------------------------------------------------------------------)
(                                                                     )
(    DBDOCTOR                                                         )
(                                                                     )
(    Drawing          : smd70_90.pad                                  )
(    Software Version : 17.4S012                                      )
(    Date/Time        : Tue Sep 14 21:57:08 2021                      )
(                                                                     )
(---------------------------------------------------------------------)



0 warnings, 0 errors detected, 0 errors  fixed.
(---------------------------------------------------------------------)
(                                                                     )
(    DBDOCTOR                                                         )
(                                                                     )
(    Drawing          : smd76rec28.pad                                )
(    Software Version : 17.4S012                                      )
(    Date/Time        : Tue Sep 14 21:57:09 2021                      )
(                                                                     )
(---------------------------------------------------------------------)



0 warnings, 0 errors detected, 0 errors  fixed.
(---------------------------------------------------------------------)
(                                                                     )
(    DBDOCTOR                                                         )
(                                                                     )
(    Drawing          : smd80rec26.pad                                )
(    Software Version : 17.4S012                                      )
(    Date/Time        : Tue Sep 14 21:57:10 2021                      )
(                                                                     )
(---------------------------------------------------------------------)



0 warnings, 0 errors detected, 0 errors  fixed.
(---------------------------------------------------------------------)
(                                                                     )
(    DBDOCTOR                                                         )
(                                                                     )
(    Drawing          : smd80squ120.pad                               )
(    Software Version : 17.4S012                                      )
(    Date/Time        : Tue Sep 14 21:57:11 2021                      )
(                                                                     )
(---------------------------------------------------------------------)



0 warnings, 0 errors detected, 0 errors  fixed.
(---------------------------------------------------------------------)
(                                                                     )
(    DBDOCTOR                                                         )
(                                                                     )
(    Drawing          : smd80squ80.pad                                )
(    Software Version : 17.4S012                                      )
(    Date/Time        : Tue Sep 14 21:57:11 2021                      )
(                                                                     )
(---------------------------------------------------------------------)



0 warnings, 0 errors detected, 0 errors  fixed.
(---------------------------------------------------------------------)
(                                                                     )
(    DBDOCTOR                                                         )
(                                                                     )
(    Drawing          : smd80_24.pad                                  )
(    Software Version : 17.4S012                                      )
(    Date/Time        : Tue Sep 14 21:57:12 2021                      )
(                                                                     )
(---------------------------------------------------------------------)



0 warnings, 0 errors detected, 0 errors  fixed.
(---------------------------------------------------------------------)
(                                                                     )
(    DBDOCTOR                                                         )
(                                                                     )
(    Drawing          : smd81rec43.pad                                )
(    Software Version : 17.4S012                                      )
(    Date/Time        : Tue Sep 14 21:57:13 2021                      )
(                                                                     )
(---------------------------------------------------------------------)



0 warnings, 0 errors detected, 0 errors  fixed.
(---------------------------------------------------------------------)
(                                                                     )
(    DBDOCTOR                                                         )
(                                                                     )
(    Drawing          : smd85_38.pad                                  )
(    Software Version : 17.4S012                                      )
(    Date/Time        : Tue Sep 14 21:57:14 2021                      )
(                                                                     )
(---------------------------------------------------------------------)



0 warnings, 0 errors detected, 0 errors  fixed.
(---------------------------------------------------------------------)
(                                                                     )
(    DBDOCTOR                                                         )
(                                                                     )
(    Drawing          : smd9_120.pad                                  )
(    Software Version : 17.4S012                                      )
(    Date/Time        : Tue Sep 14 21:57:15 2021                      )
(                                                                     )
(---------------------------------------------------------------------)



0 warnings, 0 errors detected, 0 errors  fixed.
(---------------------------------------------------------------------)
(                                                                     )
(    DBDOCTOR                                                         )
(                                                                     )
(    Drawing          : smd_t_type.pad                                )
(    Software Version : 17.4S012                                      )
(    Date/Time        : Tue Sep 14 21:57:16 2021                      )
(                                                                     )
(---------------------------------------------------------------------)



0 warnings, 0 errors detected, 0 errors  fixed.
(---------------------------------------------------------------------)
(                                                                     )
(    DBDOCTOR                                                         )
(                                                                     )
(    Drawing          : via140cir80p.pad                              )
(    Software Version : 17.4S012                                      )
(    Date/Time        : Tue Sep 14 21:57:17 2021                      )
(                                                                     )
(---------------------------------------------------------------------)



0 warnings, 0 errors detected, 0 errors  fixed.
(---------------------------------------------------------------------)
(                                                                     )
(    DBDOCTOR                                                         )
(                                                                     )
(    Drawing          : via50cir30p.pad                               )
(    Software Version : 17.4S012                                      )
(    Date/Time        : Tue Sep 14 21:57:17 2021                      )
(                                                                     )
(---------------------------------------------------------------------)



0 warnings, 0 errors detected, 0 errors  fixed.
(---------------------------------------------------------------------)
(                                                                     )
(    DBDOCTOR                                                         )
(                                                                     )
(    Drawing          : via80cir40.pad                                )
(    Software Version : 17.4S012                                      )
(    Date/Time        : Tue Sep 14 21:57:18 2021                      )
(                                                                     )
(---------------------------------------------------------------------)



0 warnings, 0 errors detected, 0 errors  fixed.
(---------------------------------------------------------------------)
(                                                                     )
(    DBDOCTOR                                                         )
(                                                                     )
(    Drawing          : via80cir50.pad                                )
(    Software Version : 17.4S012                                      )
(    Date/Time        : Tue Sep 14 21:57:19 2021                      )
(                                                                     )
(---------------------------------------------------------------------)



0 warnings, 0 errors detected, 0 errors  fixed.
