Cadence Design Systems, Inc. netrev 15.5 Tue Aug 16 16:35:35 2005
(C) Copyright 2002 Cadence Design Systems, Inc.

------ Directives ------

RIPUP_ETCH FALSE;
RIPUP_SYMBOLS ALWAYS;
MISSING SYMBOL AS ERROR FALSE;
SCHEMATIC_DIRECTORY 'E:/WORK/test/allegro';
BOARD_DIRECTORY '';
OLD_BOARD_NAME 'E:/WORK/CADENCE_LIB/LIB/unnamed.brd';
NEW_BOARD_NAME 'E:/WORK/CADENCE_LIB/LIB/unnamed.brd';

CmdLine: netrev -$ -5 -i E:/WORK/test/allegro -y 1 E:/WORK/CADENCE_LIB/LIB/#Taaaaaa01548.tmp

------ Preparing to read pst files ------

Starting to read E:/WORK/test/allegro/pstchip.dat 
   Finished reading E:/WORK/test/allegro/pstchip.dat (00:00:00.00)
Starting to read E:/WORK/test/allegro/pstxprt.dat 
   Finished reading E:/WORK/test/allegro/pstxprt.dat (00:00:00.00)
Starting to read E:/WORK/test/allegro/pstxnet.dat 
   Finished reading E:/WORK/test/allegro/pstxnet.dat (00:00:00.00)

------ Oversights/Warnings/Errors ------


------ Library Paths ------
MODULEPATH =  . 
           C:/Cadence/SPB_15.5/share/local/pcb/modules 

PSMPATH =  . 
           symbols 
           .. 
           ../symbols 
           C:/Cadence/SPB_15.5/share/local/pcb/symbols 
           C:/Cadence/SPB_15.5/share/pcb/pcb_lib/symbols 
           C:/Cadence/SPB_15.5/share/pcb/allegrolib/symbols 
           E:\WORK\CADENCE_LIB\ALLERGO\ 
           E:\WORK\CADENCE_LIB\LIB\ 

PADPATH =  . 
           symbols 
           .. 
           ../symbols 
           C:/Cadence/SPB_15.5/share/local/pcb/padstacks 
           C:/Cadence/SPB_15.5/share/pcb/pcb_lib/symbols 
           C:/Cadence/SPB_15.5/share/pcb/allegrolib/symbols 
           E:\WORK\CADENCE_LIB\ALLERGO\ 
           E:\WORK\CADENCE_LIB\LIB\ 


------ Summary Statistics ------


netrev run on Aug 16 16:35:35 2005
   DESIGN NAME : 'TEST'
   PACKAGING ON Jun 17 2005 00:56:10

   COMPILE 'logic'
   CHECK_PIN_NAMES OFF
   CROSS_REFERENCE OFF
   FEEDBACK OFF
   INCREMENTAL OFF
   INTERFACE_TYPE PHYSICAL
   MAX_ERRORS 500
   MERGE_MINIMUM 5
   NET_NAME_CHARS '#%&()*+-./:=>?@[]^_`|'
   NET_NAME_LENGTH 24
   OVERSIGHTS ON
   REPLACE_CHECK OFF
   SINGLE_NODE_NETS ON
   SPLIT_MINIMUM 0
   SUPPRESS   20
   WARNINGS ON

 No error detected
 No oversight detected
 No warning detected

cpu time      0:00:10
elapsed time  0:00:00

